{
  "RSpec": {
    "coverage": {
      "/Users/iamanmp/Projects/ruby_buddy/app/helpers/application_helper.rb": {
        "lines": [
          1,
          1,
          25,
          null,
          null,
          1,
          13,
          13,
          13,
          10,
          null,
          3,
          null,
          null,
          null,
          1,
          14,
          14,
          14,
          null,
          null,
          null,
          1,
          33,
          33,
          33,
          null,
          null,
          null,
          1,
          6,
          null,
          6,
          4,
          null,
          2,
          null,
          null,
          null,
          1,
          18,
          null,
          18,
          17,
          null,
          1,
          null,
          null,
          null,
          1,
          1,
          null,
          1,
          0,
          null,
          1,
          null,
          null,
          null,
          1,
          7,
          null,
          1,
          null,
          1,
          null,
          1,
          null,
          1,
          null,
          1,
          null,
          1,
          null,
          1,
          null,
          null,
          7,
          null,
          null,
          1,
          null,
          3,
          1,
          null,
          2,
          null,
          null,
          3,
          3,
          null,
          null,
          null,
          null,
          1,
          2,
          2,
          2,
          null,
          null,
          null,
          null,
          1,
          34,
          34,
          2,
          null,
          32,
          null,
          null,
          null,
          1,
          33,
          null,
          null,
          1,
          2,
          2,
          1,
          null,
          1,
          null,
          null,
          null,
          1,
          1,
          null,
          null,
          null
        ]
      },
      "/Users/iamanmp/Projects/ruby_buddy/app/helpers/home_helper.rb": {
        "lines": [
          1,
          null
        ]
      },
      "/Users/iamanmp/Projects/ruby_buddy/app/helpers/mentorship_requests_helper.rb": {
        "lines": [
          1,
          null
        ]
      },
      "/Users/iamanmp/Projects/ruby_buddy/app/helpers/messages_helper.rb": {
        "lines": [
          1,
          null
        ]
      },
      "/Users/iamanmp/Projects/ruby_buddy/app/helpers/onboarding_helper.rb": {
        "lines": [
          1,
          null
        ]
      },
      "/Users/iamanmp/Projects/ruby_buddy/app/helpers/profiles_helper.rb": {
        "lines": [
          1,
          null
        ]
      },
      "/Users/iamanmp/Projects/ruby_buddy/app/models/conversation_metadata.rb": {
        "lines": [
          1,
          1,
          null,
          1,
          1,
          null,
          1,
          null,
          1,
          null,
          9,
          null,
          1,
          10,
          null,
          null,
          1,
          7,
          null,
          null,
          null,
          null,
          1,
          null,
          1,
          3,
          null,
          null
        ]
      },
      "/Users/iamanmp/Projects/ruby_buddy/app/models/application_record.rb": {
        "lines": [
          1,
          1,
          null
        ]
      },
      "/Users/iamanmp/Projects/ruby_buddy/app/models/mentorship_request.rb": {
        "lines": [
          1,
          1,
          1,
          null,
          1,
          null,
          1,
          1,
          null,
          1,
          null,
          null,
          1,
          3,
          null,
          null,
          null,
          1,
          6,
          null,
          null,
          null,
          null,
          null,
          null
        ]
      },
      "/Users/iamanmp/Projects/ruby_buddy/app/models/message.rb": {
        "lines": [
          1,
          1,
          1,
          null,
          1,
          null,
          null,
          1,
          null,
          null,
          3,
          3,
          11,
          null,
          null,
          4,
          null,
          null,
          1,
          2,
          null,
          null,
          null,
          1,
          5,
          null,
          null,
          1,
          32,
          null,
          null,
          1,
          3,
          null,
          null,
          null,
          1,
          8,
          null,
          null,
          1,
          81,
          81,
          null,
          null,
          null,
          null,
          null,
          null,
          null,
          1,
          null,
          1,
          81,
          null,
          null
        ]
      },
      "/Users/iamanmp/Projects/ruby_buddy/app/models/profile.rb": {
        "lines": [
          1,
          1,
          null
        ]
      },
      "/Users/iamanmp/Projects/ruby_buddy/app/models/user.rb": {
        "lines": [
          1,
          null,
          null,
          1,
          null,
          null,
          1,
          1,
          1,
          1,
          null,
          null,
          1,
          1,
          null,
          null,
          1,
          50,
          null,
          null,
          1,
          50,
          null,
          null,
          1,
          167,
          null,
          null,
          1,
          38,
          34,
          2,
          1,
          1,
          null,
          null,
          null,
          1,
          23,
          null,
          null
        ]
      },
      "/Users/iamanmp/Projects/ruby_buddy/app/controllers/profiles_controller.rb": {
        "lines": [
          1,
          1,
          1,
          null,
          null,
          1,
          6,
          6,
          6,
          4,
          4,
          null,
          null,
          null,
          null,
          1,
          null,
          null,
          null,
          1,
          2,
          null,
          null,
          null,
          1,
          null,
          null,
          null,
          1,
          0,
          null,
          0,
          0,
          0,
          0,
          0,
          null,
          0,
          0,
          null,
          null,
          null,
          null,
          null,
          1,
          3,
          3,
          6,
          3,
          null,
          0,
          0,
          null,
          null,
          null,
          null,
          null,
          1,
          2,
          null,
          2,
          4,
          2,
          null,
          null,
          null,
          1,
          null,
          1,
          8,
          null,
          null,
          null,
          1,
          3,
          null,
          null
        ]
      },
      "/Users/iamanmp/Projects/ruby_buddy/app/controllers/application_controller.rb": {
        "lines": [
          1,
          null,
          null,
          null,
          null,
          1,
          null,
          1,
          null,
          1,
          1,
          null,
          null,
          0,
          null,
          null,
          1,
          124,
          null,
          null,
          null,
          22,
          null,
          null,
          null,
          null,
          null,
          47,
          null,
          1,
          null,
          null
        ]
      },
      "/Users/iamanmp/Projects/ruby_buddy/app/controllers/home_controller.rb": {
        "lines": [
          1,
          1,
          null,
          null
        ]
      },
      "/Users/iamanmp/Projects/ruby_buddy/app/controllers/api/typing_indicator_controller.rb": {
        "lines": [
          1,
          1,
          1,
          null,
          null,
          1,
          4,
          null,
          4,
          null,
          null,
          null,
          null,
          4,
          4,
          null,
          4,
          4,
          null,
          null,
          null,
          null,
          4,
          null,
          0,
          null,
          null,
          null,
          null,
          1,
          2,
          null,
          2,
          null,
          null,
          1,
          null,
          null,
          null,
          null,
          null,
          null,
          null,
          null,
          1,
          7,
          7,
          null,
          7,
          null,
          5,
          1,
          null,
          null,
          4,
          null,
          null,
          null,
          null,
          4,
          4,
          null,
          4,
          4,
          null,
          null,
          null,
          null,
          4,
          null,
          0,
          null,
          null,
          2,
          null,
          null,
          null,
          1,
          1,
          null,
          1,
          null,
          null,
          1,
          null,
          1,
          8,
          null,
          1,
          null,
          null,
          1,
          7,
          1,
          null,
          null,
          null,
          1,
          8,
          null,
          8,
          null,
          null,
          null,
          null,
          null,
          null,
          null,
          null
        ]
      },
      "/Users/iamanmp/Projects/ruby_buddy/app/controllers/api/base_controller.rb": {
        "lines": [
          1,
          1,
          1,
          null,
          1,
          null,
          null,
          1,
          null,
          1,
          null,
          1,
          17,
          null,
          null,
          1,
          12,
          null,
          null,
          1,
          3,
          null,
          null,
          1,
          4,
          null,
          null,
          null,
          1,
          29,
          3,
          null,
          null,
          null
        ]
      },
      "/Users/iamanmp/Projects/ruby_buddy/app/controllers/dashboard_controller.rb": {
        "lines": [
          1,
          1,
          null,
          1,
          1,
          1,
          null,
          null,
          1,
          null,
          null,
          null,
          null,
          null,
          null,
          null,
          1,
          null,
          null,
          null,
          null,
          1,
          0,
          null,
          null,
          null,
          null,
          null,
          null
        ]
      },
      "/Users/iamanmp/Projects/ruby_buddy/app/controllers/settings_controller.rb": {
        "lines": [
          1,
          1,
          null,
          1,
          null,
          null,
          null,
          1,
          5,
          4,
          null,
          1,
          null,
          null,
          null,
          1,
          5,
          2,
          null,
          3,
          null,
          null,
          null,
          1,
          6,
          1,
          1,
          null,
          null,
          5,
          null,
          null,
          null,
          null,
          2,
          2,
          null,
          3,
          null,
          null,
          null,
          null
        ]
      },
      "/Users/iamanmp/Projects/ruby_buddy/app/controllers/mentorship_requests_controller.rb": {
        "lines": [
          1,
          1,
          1,
          null,
          null,
          1,
          4,
          3,
          null,
          1,
          null,
          null,
          null,
          null,
          1,
          null,
          null,
          null,
          1,
          2,
          2,
          null,
          null,
          null,
          1,
          null,
          null,
          null,
          1,
          4,
          4,
          null,
          4,
          4,
          3,
          6,
          3,
          null,
          2,
          1,
          null,
          null,
          null,
          null,
          null,
          1,
          2,
          2,
          4,
          2,
          null,
          0,
          0,
          null,
          null,
          null,
          null,
          null,
          1,
          2,
          null,
          2,
          4,
          2,
          null,
          null,
          null,
          null,
          1,
          4,
          null,
          4,
          2,
          2,
          null,
          2,
          null,
          null,
          null,
          null,
          1,
          4,
          null,
          4,
          3,
          3,
          null,
          1,
          null,
          null,
          null,
          null,
          1,
          5,
          null,
          5,
          3,
          3,
          null,
          2,
          null,
          null,
          null,
          1,
          null,
          1,
          8,
          null,
          null,
          null,
          1,
          6,
          null,
          null
        ]
      },
      "/Users/iamanmp/Projects/ruby_buddy/app/controllers/api/message_status_controller.rb": {
        "lines": [
          1,
          1,
          1,
          null,
          null,
          1,
          null,
          3,
          1,
          null,
          null,
          2,
          1,
          null,
          null,
          null,
          1,
          1,
          null,
          null,
          null,
          null,
          1,
          null,
          null,
          null,
          null,
          1,
          2,
          2,
          null,
          null,
          null,
          null,
          null,
          null,
          1,
          3,
          null,
          null,
          3,
          null,
          3,
          3,
          1,
          null,
          null,
          2,
          null,
          null,
          2,
          null,
          null,
          null,
          null,
          null,
          null,
          null,
          null,
          null,
          null,
          null,
          null,
          null,
          null,
          2,
          2,
          3,
          3,
          null,
          null,
          2,
          null,
          null,
          null,
          null,
          5,
          null,
          null,
          1,
          null,
          1,
          7,
          null,
          1,
          null,
          null,
          1,
          6,
          null,
          6,
          1,
          null,
          null,
          null,
          1,
          4,
          4,
          null,
          null,
          4,
          null,
          null,
          null,
          null
        ]
      },
      "/Users/iamanmp/Projects/ruby_buddy/app/controllers/messages_controller.rb": {
        "lines": [
          1,
          1,
          1,
          null,
          null,
          1,
          null,
          6,
          null,
          null,
          null,
          null,
          null,
          null,
          1,
          null,
          null,
          null,
          1,
          0,
          null,
          null,
          null,
          1,
          null,
          null,
          null,
          1,
          5,
          5,
          null,
          5,
          5,
          null,
          3,
          null,
          null,
          null,
          3,
          null,
          null,
          3,
          0,
          null,
          null,
          null,
          null,
          null,
          6,
          3,
          null,
          2,
          4,
          2,
          null,
          null,
          null,
          null,
          null,
          1,
          0,
          0,
          0,
          0,
          null,
          0,
          0,
          null,
          null,
          null,
          null,
          null,
          1,
          2,
          null,
          2,
          4,
          2,
          null,
          null,
          null,
          1,
          null,
          1,
          2,
          null,
          null,
          null,
          1,
          5,
          null,
          null,
          null,
          1,
          3,
          null,
          null,
          null,
          null,
          null,
          null,
          null
        ]
      },
      "/Users/iamanmp/Projects/ruby_buddy/app/controllers/onboarding_controller.rb": {
        "lines": [
          1,
          1,
          1,
          null,
          1,
          null,
          null,
          null,
          1,
          null,
          null,
          null,
          1,
          13,
          null,
          13,
          10,
          null,
          3,
          null,
          3,
          null,
          3,
          null,
          null,
          3,
          null,
          null,
          null,
          1,
          4,
          null,
          null,
          null,
          1,
          null,
          1,
          13,
          null,
          null,
          1,
          19,
          2,
          null,
          null,
          null
        ]
      },
      "/Users/iamanmp/Projects/ruby_buddy/app/channels/application_cable/channel.rb": {
        "lines": [
          0,
          0,
          0,
          0
        ],
        "branches": {}
      },
      "/Users/iamanmp/Projects/ruby_buddy/app/channels/application_cable/connection.rb": {
        "lines": [
          0,
          0,
          0,
          null,
          0,
          0,
          0,
          null,
          0,
          null,
          0,
          null,
          null,
          null,
          0,
          0,
          0,
          0,
          0,
          0,
          0,
          0
        ],
        "branches": {}
      },
      "/Users/iamanmp/Projects/ruby_buddy/app/channels/chat_channel.rb": {
        "lines": [
          0,
          0,
          0,
          0,
          null,
          0,
          0,
          0,
          null,
          null,
          0,
          null,
          null,
          0,
          null,
          null,
          0,
          null,
          null,
          0,
          0,
          null,
          0,
          null,
          0,
          0,
          0,
          0,
          0,
          0,
          null,
          0,
          0,
          0,
          0,
          0,
          0,
          null,
          0,
          0,
          0,
          null,
          0,
          0,
          0,
          0,
          null,
          0,
          0,
          0,
          null,
          0,
          0,
          null,
          0,
          0,
          0,
          null,
          0,
          0,
          0,
          0,
          null,
          0,
          0,
          0,
          0,
          0,
          null,
          0,
          0,
          0,
          null,
          0,
          0,
          null,
          null,
          0,
          null,
          0,
          0,
          0,
          0,
          0,
          null,
          0,
          null,
          0,
          0,
          0,
          null,
          0,
          0,
          null,
          0,
          0,
          null,
          0,
          0,
          0,
          0,
          0,
          0,
          0,
          0,
          0,
          0,
          0,
          0,
          null,
          0,
          0,
          0,
          0,
          0,
          0,
          0,
          0,
          0,
          0,
          0,
          0
        ],
        "branches": {}
      },
      "/Users/iamanmp/Projects/ruby_buddy/app/jobs/application_job.rb": {
        "lines": [
          0,
          null,
          null,
          null,
          null,
          null,
          0
        ],
        "branches": {}
      },
      "/Users/iamanmp/Projects/ruby_buddy/app/mailers/application_mailer.rb": {
        "lines": [
          0,
          0,
          0,
          0
        ],
        "branches": {}
      }
    },
    "timestamp": 1760128857
  }
}
